This is pdfTeXk, Version 3.141592-1.40.3 (Web2C 7.5.6) (format=latex 2008.4.6)  5 OCT 2008 12:25
entering extended mode
 %&-line parsing enabled.
**\nonstopmode\nofiles\PassOptionsToPackage{active,tightpage,auctex}{preview}\A
tBeginDocument{\ifx\ifPreview\undefined\RequirePackage[displaymath,floats,graph
ics,textmath,sections,footnotes]{preview}[2004/11/05]\fi} \input article1.tex
(./article1.tex (./sigplanconf.cls
Document Class: sigplanconf 2006/08/24 v1.4 ACM SIGPLAN Proceedings
\@numheaddepth=\count79
(/usr/share/texmf-texlive/tex/latex/base/article.cls
Document Class: article 2005/09/16 v1.4f Standard LaTeX document class
(/usr/share/texmf-texlive/tex/latex/base/size10.clo
File: size10.clo 2005/09/16 v1.4f Standard LaTeX file (size option)
)
\c@part=\count80
\c@section=\count81
\c@subsection=\count82
\c@subsubsection=\count83
\c@paragraph=\count84
\c@subparagraph=\count85
\c@figure=\count86
\c@table=\count87
\abovecaptionskip=\skip41
\belowcaptionskip=\skip42
\bibindent=\dimen102
)
\standardtextwidth=\dimen103
\standardvspace=\skip43
\@sectionaboveskip=\skip44
\@sectionbelowskip=\skip45
\@subsectionaboveskip=\skip46
\@subsectionbelowskip=\skip47
\@paragraphaboveskip=\skip48
\@authorcount=\count88
\@titlenotecount=\count89
\@titlenotetext=\toks14
\@fnmark=\toks15
\@authori=\count90
\@measbox=\box26
)
(/usr/share/texmf-texlive/tex/latex/base/inputenc.sty
Package: inputenc 2006/05/05 v1.1b Input encoding file
\inpenc@prehook=\toks16
\inpenc@posthook=\toks17

(/usr/share/texmf-texlive/tex/latex/base/latin1.def
File: latin1.def 2006/05/05 v1.1b Input encoding file
))
(/usr/share/texmf-texlive/tex/latex/natbib/natbib.sty
Package: natbib 2007/02/05 8.0 (PWD)
\bibhang=\skip49
\bibsep=\skip50
LaTeX Info: Redefining \cite on input line 602.


! LaTeX Error: \makeindex undefined.

See the LaTeX manual or LaTeX Companion for explanation.
Type  H <return>  for immediate help.
 ...                                              
                                                  
\GenericError  ...                                
                                                  \endgroup 
\renew@command ...xpand #1undefined}\@ehc }\relax 
                                                  \let \@ifdefinable \@rc@if...
l.687 \renewcommand\makeindex
                             {\NAT@makeindex
Try typing  <return>  to proceed.
If that doesn't work, type  X <return>  to quit.

\c@NAT@ctr=\count91
) (/usr/share/texmf-texlive/tex/generic/babel/babel.sty
Package: babel 2005/11/23 v3.8h The Babel package

(/usr/share/texmf-texlive/tex/generic/babel/english.ldf
Language: english 2005/03/30 v3.3o English support from the babel system

(/usr/share/texmf-texlive/tex/generic/babel/babel.def
File: babel.def 2005/11/23 v3.8h Babel common definitions
\babel@savecnt=\count92
\U@D=\dimen104
)
\l@british = a dialect from \language\l@english 
\l@UKenglish = a dialect from \language\l@english 
\l@canadian = a dialect from \language\l@american 
\l@australian = a dialect from \language\l@british 
\l@newzealand = a dialect from \language\l@british 
))
(/usr/share/texmf-texlive/tex/latex/graphics/graphicx.sty
Package: graphicx 1999/02/16 v1.0f Enhanced LaTeX Graphics (DPC,SPQR)

(/usr/share/texmf-texlive/tex/latex/graphics/keyval.sty
Package: keyval 1999/03/16 v1.13 key=value parser (DPC)
\KV@toks@=\toks18
)
(/usr/share/texmf-texlive/tex/latex/graphics/graphics.sty
Package: graphics 2006/02/20 v1.0o Standard LaTeX Graphics (DPC,SPQR)

(/usr/share/texmf-texlive/tex/latex/graphics/trig.sty
Package: trig 1999/03/16 v1.09 sin cos tan (DPC)
)
(/etc/texmf/tex/latex/config/graphics.cfg
File: graphics.cfg 2007/01/18 v1.5 graphics configuration of teTeX/TeXLive
)
Package graphics Info: Driver file: dvips.def on input line 90.

(/usr/share/texmf-texlive/tex/latex/graphics/dvips.def
File: dvips.def 1999/02/16 v3.0i Driver-dependant file (DPC,SPQR)
))
\Gin@req@height=\dimen105
\Gin@req@width=\dimen106
)
(/usr/share/texmf-texlive/tex/latex/algorithms/algorithm.sty
Package: algorithm 

Document Style `algorithm' - floating environment
(/usr/share/texmf-texlive/tex/latex/float/float.sty
Package: float 2001/11/08 v1.3d Float enhancements (AL)
\c@float@type=\count93
\float@exts=\toks19
\float@box=\box27
\@float@everytoks=\toks20
\@floatcapt=\box28
)
(/usr/share/texmf-texlive/tex/latex/base/ifthen.sty
Package: ifthen 2001/05/26 v1.1c Standard LaTeX ifthen package (DPC)
)
\@float@every@algorithm=\toks21
\c@algorithm=\count94
)
(/usr/share/texmf-texlive/tex/latex/algorithms/algorithmic.sty
Package: algorithmic 2006/06/02

Document Style `algorithmic' - environment
(/usr/share/texmf-texlive/tex/latex/tools/calc.sty
Package: calc 2005/08/06 v4.2 Infix arithmetic (KKT,FJ)
\calc@Acount=\count95
\calc@Bcount=\count96
\calc@Adimen=\dimen107
\calc@Bdimen=\dimen108
\calc@Askip=\skip51
\calc@Bskip=\skip52
LaTeX Info: Redefining \setlength on input line 75.
LaTeX Info: Redefining \addtolength on input line 76.
\calc@Ccount=\count97
\calc@Cskip=\skip53
)
\c@ALC@line=\count98
\c@ALC@rem=\count99
\c@ALC@depth=\count100
\ALC@tlm=\skip54
\algorithmicindent=\skip55
)
(/usr/share/texmf-texlive/tex/latex/amsmath/amsmath.sty
Package: amsmath 2000/07/18 v2.13 AMS math features
\@mathmargin=\skip56

For additional information on amsmath, use the `?' option.
(/usr/share/texmf-texlive/tex/latex/amsmath/amstext.sty
Package: amstext 2000/06/29 v2.01

(/usr/share/texmf-texlive/tex/latex/amsmath/amsgen.sty
File: amsgen.sty 1999/11/30 v2.0
\@emptytoks=\toks22
\ex@=\dimen109
))
(/usr/share/texmf-texlive/tex/latex/amsmath/amsbsy.sty
Package: amsbsy 1999/11/29 v1.2d
\pmbraise@=\dimen110
)
(/usr/share/texmf-texlive/tex/latex/amsmath/amsopn.sty
Package: amsopn 1999/12/14 v2.01 operator names
)
\inf@bad=\count101
LaTeX Info: Redefining \frac on input line 211.
\uproot@=\count102
\leftroot@=\count103
LaTeX Info: Redefining \overline on input line 307.
\classnum@=\count104
\DOTSCASE@=\count105
LaTeX Info: Redefining \ldots on input line 379.
LaTeX Info: Redefining \dots on input line 382.
LaTeX Info: Redefining \cdots on input line 467.
\Mathstrutbox@=\box29
\strutbox@=\box30
\big@size=\dimen111
LaTeX Font Info:    Redeclaring font encoding OML on input line 567.
LaTeX Font Info:    Redeclaring font encoding OMS on input line 568.
\macc@depth=\count106
\c@MaxMatrixCols=\count107
\dotsspace@=\muskip10
\c@parentequation=\count108
\dspbrk@lvl=\count109
\tag@help=\toks23
\row@=\count110
\column@=\count111
\maxfields@=\count112
\andhelp@=\toks24
\eqnshift@=\dimen112
\alignsep@=\dimen113
\tagshift@=\dimen114
\tagwidth@=\dimen115
\totwidth@=\dimen116
\lineht@=\dimen117
\@envbody=\toks25
\multlinegap=\skip57
\multlinetaggap=\skip58
\mathdisplay@stack=\toks26
LaTeX Info: Redefining \[ on input line 2666.
LaTeX Info: Redefining \] on input line 2667.
) (./article1.aux)
LaTeX Font Info:    Checking defaults for OML/cmm/m/it on input line 10.
LaTeX Font Info:    ... okay on input line 10.
LaTeX Font Info:    Checking defaults for T1/cmr/m/n on input line 10.
LaTeX Font Info:    ... okay on input line 10.
LaTeX Font Info:    Checking defaults for OT1/cmr/m/n on input line 10.
LaTeX Font Info:    ... okay on input line 10.
LaTeX Font Info:    Checking defaults for OMS/cmsy/m/n on input line 10.
LaTeX Font Info:    ... okay on input line 10.
LaTeX Font Info:    Checking defaults for OMX/cmex/m/n on input line 10.
LaTeX Font Info:    ... okay on input line 10.
LaTeX Font Info:    Checking defaults for U/cmr/m/n on input line 10.
LaTeX Font Info:    ... okay on input line 10.
LaTeX Font Info:    Try loading font information for OT1+ptm on input line 10.

(/usr/share/texmf-texlive/tex/latex/psnfss/ot1ptm.fd
File: ot1ptm.fd 2001/06/04 font definitions for OT1/ptm.
)
(/usr/share/texmf/tex/latex/preview/preview.sty
Package: preview 2006/08/25 11.84 (AUCTeX/preview-latex)

(/usr/share/texmf/tex/latex/preview/prtightpage.def
\PreviewBorder=\dimen118
)
(/usr/share/texmf/tex/latex/preview/prauctex.def
No auxiliary output files.


\hbadness=\count113
\hfuzz=\dimen119
(/usr/share/texmf/tex/latex/preview/prauctex.cfg))
(/usr/share/texmf/tex/latex/preview/prfootnotes.def)
\pr@snippet=\count114
\pr@box=\box31
\pr@output=\toks27

Preview: Fontsize 9pt
)
LaTeX Font Info:    Font shape `OT1/ptm/bx/n' in size <9> not available
(Font)              Font shape `OT1/ptm/b/n' tried instead on input line 29.
LaTeX Font Info:    Font shape `OT1/ptm/bx/n' in size <18> not available
(Font)              Font shape `OT1/ptm/b/n' tried instead on input line 29.
LaTeX Font Info:    Font shape `OT1/ptm/bx/n' in size <14> not available
(Font)              Font shape `OT1/ptm/b/n' tried instead on input line 29.

! Preview: Snippet 1 started.
<-><->
      
\pr@msg ...rrhelp {Not a real error.}\errmessage <
                                                  }
\pr@snarfafter #1->\ifpr@outer \pr@ship@start 
                                              \let \pr@ship@start \relax \le...

\@float ->\pr@snarfafter {![}
                             \pr@\@float 
\@copyrightspace ->\@float 
                           {copyrightbox}[b]\vbox to 1in{\vfill \parbox [b]{...

\maketitle ... \@copyrightwanted \@copyrightspace 
                                                  \fi 
l.29 \maketitle
               
Not a real error.

Preview: Tightpage -32891 -32891 32891 32891
! Preview: Snippet 1 ended.(4736286+99316x15728640).
<-><->
      
\pr@msg ...rrhelp {Not a real error.}\errmessage <
                                                  }
\pr@endbox ...lineskip \box \pr@box }\pr@ship@end 
                                                  {\let \protect \noexpand \...

\end@float ->\pr@endsnarf 
                          \pr@\end@float 
\maketitle ... \@copyrightwanted \@copyrightspace 
                                                  \fi 
l.29 \maketitle
               
Not a real error.

[1]
LaTeX Font Info:    Font shape `OT1/ptm/bx/n' in size <11> not available
(Font)              Font shape `OT1/ptm/b/n' tried instead on input line 31.

! Preview: Snippet 2 ended.(496694+10089x15728640).
<-><->
      
\pr@msg ...rrhelp {Not a real error.}\errmessage <
                                                  }
\pr@endbox ...lineskip \box \pr@box }\pr@ship@end 
                                                  {\let \protect \noexpand \...

\abstract ->\section *{Abstract}
                                \normalsize 
l.31 \begin{abstract}
                     
Not a real error.

[2]
LaTeX Font Info:    Font shape `OT1/ptm/bx/it' in size <9> not available
(Font)              Font shape `OT1/ptm/b/it' tried instead on input line 36.

! Preview: Snippet 3 ended.(411102+122385x8536405).
<-><->
      
\pr@msg ...rrhelp {Not a real error.}\errmessage <
                                                  }
\pr@endbox ...lineskip \box \pr@box }\pr@ship@end 
                                                  {\let \protect \noexpand \...

\category ...*{Categories and Subject Descriptors}
                                                  \@setflag \@firstcategory ...
l.36 {Evolutionary Robotics}
                            
Not a real error.

[3]
! Preview: Snippet 4 ended.(411102+9727x3599059).
<-><->
      
\pr@msg ...rrhelp {Not a real error.}\errmessage <
                                                  }
\pr@endbox ...lineskip \box \pr@box }\pr@ship@end 
                                                  {\let \protect \noexpand \...
l.38 \terms
           
Not a real error.

[4]
! Preview: Snippet 5 ended.(411102+119437x2335678).
<-><->
      
\pr@msg ...rrhelp {Not a real error.}\errmessage <
                                                  }
\pr@endbox ...lineskip \box \pr@box }\pr@ship@end 
                                                  {\let \protect \noexpand \...
l.40 \keywords
              
Not a real error.

[5]
! Preview: Snippet 6 ended.(496694+10089x15728640).
<-><->
      
\pr@msg ...rrhelp {Not a real error.}\errmessage <
                                                  }
\pr@endbox ...lineskip \box \pr@box }\pr@ship@end 
                                                  {\let \protect \noexpand \...
l.43 \section{Introduction}
                           
Not a real error.

[6

]
! Preview: Snippet 7 ended.(496694+146696x15728640).
<-><->
      
\pr@msg ...rrhelp {Not a real error.}\errmessage <
                                                  }
\pr@endbox ...lineskip \box \pr@box }\pr@ship@end 
                                                  {\let \protect \noexpand \...
l.51 ...eliminaries on Computational Intelligence}
                                                  
Not a real error.

[7

]
! Preview: Snippet 8 ended.(406386+120024x15728640).
<-><->
      
\pr@msg ...rrhelp {Not a real error.}\errmessage <
                                                  }
\pr@endbox ...lineskip \box \pr@box }\pr@ship@end 
                                                  {\let \protect \noexpand \...
l.52 \subsection{Evolutionary algorithms}
                                         
Not a real error.

[8

]
! Extra }, or forgotten \endgroup.
\@endfloatbox ...pagefalse \outer@nobreak \egroup 
                                                  \color@endbox 
\endalgorithm ->\@endfloatbox 
                              \global \setbox \@currbox \float@makebox \colu...

\end #1->\csname end#1\endcsname 
                                 \@checkend {#1}\expandafter \endgroup \if@e...
l.69 \end{algorithm}
                    
I've deleted a group-closing symbol because it seems to be
spurious, as in `$x}$'. But perhaps the } is legitimate and
you forgot something else, as in `\hbox{$x}'. In such cases
the way to recover is to insert both the forgotten and the
deleted material, e.g., by typing `I$}'.

! Preview: Snippet 9 ended.(4990565+8254x15728640).
<-><->
      
\pr@msg ...rrhelp {Not a real error.}\errmessage <
                                                  }
\pr@endbox ...lineskip \box \pr@box }\pr@ship@end 
                                                  {\let \protect \noexpand \...

\end@float ->\pr@endsnarf 
                          \pr@\end@float 
\end #1->\csname end#1\endcsname 
                                 \@checkend {#1}\expandafter \endgroup \if@e...
l.69 \end{algorithm}
                    
Not a real error.

[9


]
! Preview: Snippet 10 ended.(406386+10908x15728640).
<-><->
      
\pr@msg ...rrhelp {Not a real error.}\errmessage <
                                                  }
\pr@endbox ...lineskip \box \pr@box }\pr@ship@end 
                                                  {\let \protect \noexpand \...
l.73 \subsection{Neural networks}
                                 
Not a real error.

[10

]
! Preview: Snippet 11 ended.(253951+65535x502441).
<-><->
      
\pr@msg ...rrhelp {Not a real error.}\errmessage <
                                                  }
\pr@endbox ...lineskip \box \pr@box }\pr@ship@end 
                                                  {\let \protect \noexpand \...
l.74 ...ts to determine its neuron potential $v_i$
                                                  :
Not a real error.

[11]
! Preview: Snippet 12 ended.(1444541+0x15728640).
<-><->
      
\pr@msg ...rrhelp {Not a real error.}\errmessage <
                                                  }
\pr@endbox ...lineskip \box \pr@box }\pr@ship@end 
                                                  {\let \protect \noexpand \...

\end ...ndafter \endgroup \if@endpe \@doendpe \fi 
                                                  \if@ignore \@ignorefalse \...
l.78 \end{equation}
                   
Not a real error.

[12]
! Preview: Snippet 13 ended.(253951+141994x691189).
<-><->
      
\pr@msg ...rrhelp {Not a real error.}\errmessage <
                                                  }
\pr@endbox ...lineskip \box \pr@box }\pr@ship@end 
                                                  {\let \protect \noexpand \...
l.81 where $w_j$
                 is the connection weight from input $j$ to this neuron ($i$...

Not a real error.

[13]
! Preview: Snippet 14 ended.(389185+114688x281616).
<-><->
      
\pr@msg ...rrhelp {Not a real error.}\errmessage <
                                                  }
\pr@endbox ...lineskip \box \pr@box }\pr@ship@end 
                                                  {\let \protect \noexpand \...
l.81 ...j$ is the connection weight from input $j$
                                                   to this neuron ($i$) and ...

Not a real error.

[14]
! Preview: Snippet 15 ended.(389185+0x207434).
<-><->
      
\pr@msg ...rrhelp {Not a real error.}\errmessage <
                                                  }
\pr@endbox ...lineskip \box \pr@box }\pr@ship@end 
                                                  {\let \protect \noexpand \...
l.81 ... weight from input $j$ to this neuron ($i$
                                                  ) and $x_j$ is the output ...

Not a real error.

[15]
! Preview: Snippet 16 ended.(253951+141994x600339).
<-><->
      
\pr@msg ...rrhelp {Not a real error.}\errmessage <
                                                  }
\pr@endbox ...lineskip \box \pr@box }\pr@ship@end 
                                                  {\let \protect \noexpand \...
l.81 ...m input $j$ to this neuron ($i$) and $x_j$
                                                   is the output signal of n...

Not a real error.

[16]
! Preview: Snippet 17 ended.(389185+114688x281616).
<-><->
      
\pr@msg ...rrhelp {Not a real error.}\errmessage <
                                                  }
\pr@endbox ...lineskip \box \pr@box }\pr@ship@end 
                                                  {\let \protect \noexpand \...
l.81 ...d $x_j$ is the output signal of neuron $j$
                                                  . Then, it applies a activ...

Not a real error.

[17]
! Preview: Snippet 18 ended.(589824+0x15728640).
<-><->
      
\pr@msg ...rrhelp {Not a real error.}\errmessage <
                                                  }
\pr@endbox ...lineskip \box \pr@box }\pr@ship@end 
                                                  {\let \protect \noexpand \...

\end ...ndafter \endgroup \if@endpe \@doendpe \fi 
                                                  \if@ignore \@ignorefalse \...
l.85 \end{equation}
                   
Not a real error.

[18]

Package natbib Warning: Citation `McCulloch88logical' on page 2 undefined on in
put line 88.


Package natbib Warning: Citation `ROSENBLATT58perceptron:' on page 2 undefined 
on input line 88.


Package natbib Warning: Citation `Park91Universal' on page 2 undefined on input
 line 88.


Package natbib Warning: Citation `Haykin99' on page 3 undefined on input line 9
9.

! Preview: Snippet 19 ended.(1572864+0x15728640).
<-><->
      
\pr@msg ...rrhelp {Not a real error.}\errmessage <
                                                  }
\pr@endbox ...lineskip \box \pr@box }\pr@ship@end 
                                                  {\let \protect \noexpand \...

\endalign ...\ifnum 0=`{\fi \iffalse }\fi \else $$
                                                  \fi \ignorespacesafterend 
\end #1->\csname end#1\endcsname 
                                 \@checkend {#1}\expandafter \endgroup \if@e...
l.106 \end{align}
                 
Not a real error.

[19]
! Preview: Snippet 20 ended.(253951+65535x1222422).
<-><->
      
\pr@msg ...rrhelp {Not a real error.}\errmessage <
                                                  }
\pr@endbox ...lineskip \box \pr@box }\pr@ship@end 
                                                  {\let \protect \noexpand \...
l.109 Here, $x_{rnn}$
                      is the 1-by-q system state vector at $n$, $\psi$ is a ...

Not a real error.

[20]
! Preview: Snippet 21 ended.(253951+0x365680).
<-><->
      
\pr@msg ...rrhelp {Not a real error.}\errmessage <
                                                  }
\pr@endbox ...lineskip \box \pr@box }\pr@ship@end 
                                                  {\let \protect \noexpand \...
l.109 ... is the 1-by-q system state vector at $n$
                                                  , $\psi$ is a diagonal fun...

Not a real error.

[21]
! Preview: Snippet 22 ended.(409600+114688x416651).
<-><->
      
\pr@msg ...rrhelp {Not a real error.}\errmessage <
                                                  }
\pr@endbox ...lineskip \box \pr@box }\pr@ship@end 
                                                  {\let \protect \noexpand \...
l.109 ...1-by-q system state vector at $n$, $\psi$
                                                   is a diagonal function wi...

Not a real error.

[22]
! Preview: Snippet 23 ended.(419863+0x734112).
<-><->
      
\pr@msg ...rrhelp {Not a real error.}\errmessage <
                                                  }
\pr@endbox ...lineskip \box \pr@box }\pr@ship@end 
                                                  {\let \protect \noexpand \...
l.109 ... function with domain and co-domain $R^q$
                                                   corresponding to activati...

Not a real error.

[23]
! Preview: Snippet 24 ended.(253951+65535x1227655).
<-><->
      
\pr@msg ...rrhelp {Not a real error.}\errmessage <
                                                  }
\pr@endbox ...lineskip \box \pr@box }\pr@ship@end 
                                                  {\let \protect \noexpand \...
l.109 ...ponding to activation function, $u_{rnn}$
                                                   is the 1-by-m input vecto...

Not a real error.

[24]
! Preview: Snippet 25 ended.(253951+0x365680).
<-><->
      
\pr@msg ...rrhelp {Not a real error.}\errmessage <
                                                  }
\pr@endbox ...lineskip \box \pr@box }\pr@ship@end 
                                                  {\let \protect \noexpand \...
l.109 ..._{rnn}$ is the 1-by-m input vector at $n$
                                                  , the q-by-q matrix $W_a$ ...

Not a real error.

[25]
! Preview: Snippet 26 ended.(403045+65535x870579).
<-><->
      
\pr@msg ...rrhelp {Not a real error.}\errmessage <
                                                  }
\pr@endbox ...lineskip \box \pr@box }\pr@ship@end 
                                                  {\let \protect \noexpand \...
l.109 ...ut vector at $n$, the q-by-q matrix $W_a$
                                                   represents the connection...

Not a real error.

[26]
! Preview: Snippet 27 ended.(253951+114688x1177364).
<-><->
      
\pr@msg ...rrhelp {Not a real error.}\errmessage <
                                                  }
\pr@endbox ...lineskip \box \pr@box }\pr@ship@end 
                                                  {\let \protect \noexpand \...
l.109 ...s, including a bias term. Also, $y_{rnn}$
                                                   is the neuranl output vec...

Not a real error.

[27]
! Preview: Snippet 28 ended.(403045+0x474668).
<-><->
      
\pr@msg ...rrhelp {Not a real error.}\errmessage <
                                                  }
\pr@endbox ...lineskip \box \pr@box }\pr@ship@end 
                                                  {\let \protect \noexpand \...
l.109 ... output vector of the neural net, and $C$
                                                   is a p-by-q matrix of lin...

Not a real error.

[28]
! Preview: Snippet 29 ended.(496694+146696x15728640).
<-><->
      
\pr@msg ...rrhelp {Not a real error.}\errmessage <
                                                  }
\pr@endbox ...lineskip \box \pr@box }\pr@ship@end 
                                                  {\let \protect \noexpand \...
l.111 \section{The Predator-Prey Control Problem}
                                                 
Not a real error.

[29

]
! Preview: Snippet 30 ended.(1191094+0x15728640).
<-><->
      
\pr@msg ...rrhelp {Not a real error.}\errmessage <
                                                  }
\pr@endbox ...lineskip \box \pr@box }\pr@ship@end 
                                                  {\let \protect \noexpand \...

\end ...ndafter \endgroup \if@endpe \@doendpe \fi 
                                                  \if@ignore \@ignorefalse \...
l.116 \end{equation}
                    
Not a real error.

[30]

Package natbib Warning: There were undefined citations.

 ) 
Here is how much of TeX's memory you used:
 2419 strings out of 95038
 28807 string characters out of 1182348
 94081 words of memory out of 1500000
 5578 multiletter control sequences out of 10000+50000
 12341 words of font info for 35 fonts, out of 1200000 for 2000
 54 hyphenation exceptions out of 8191
 29i,16n,28p,1595b,460s stack positions out of 5000i,500n,6000p,200000b,5000s

Output written on article1.dvi (30 pages, 6552 bytes).
