This is pdfTeXk, Version 3.141592-1.40.3 (Web2C 7.5.6) (format=pdflatex 2008.11.2)  15 DEC 2008 07:38
entering extended mode
 %&-line parsing enabled.
**\input neuralfields.tex
(./neuralfields.tex (./sigplanconf.cls
Document Class: sigplanconf 2006/08/24 v1.4 ACM SIGPLAN Proceedings
\@numheaddepth=\count79
(/usr/share/texmf-texlive/tex/latex/base/article.cls
Document Class: article 2005/09/16 v1.4f Standard LaTeX document class
(/usr/share/texmf-texlive/tex/latex/base/size10.clo
File: size10.clo 2005/09/16 v1.4f Standard LaTeX file (size option)
)
\c@part=\count80
\c@section=\count81
\c@subsection=\count82
\c@subsubsection=\count83
\c@paragraph=\count84
\c@subparagraph=\count85
\c@figure=\count86
\c@table=\count87
\abovecaptionskip=\skip41
\belowcaptionskip=\skip42
\bibindent=\dimen102
)
\standardtextwidth=\dimen103
\standardvspace=\skip43
\@sectionaboveskip=\skip44
\@sectionbelowskip=\skip45
\@subsectionaboveskip=\skip46
\@subsectionbelowskip=\skip47
\@paragraphaboveskip=\skip48
\@authorcount=\count88
\@titlenotecount=\count89
\@titlenotetext=\toks14
\@fnmark=\toks15
\@authori=\count90
\@measbox=\box26
)
(/usr/share/texmf-texlive/tex/latex/base/inputenc.sty
Package: inputenc 2006/05/05 v1.1b Input encoding file
\inpenc@prehook=\toks16
\inpenc@posthook=\toks17

(/usr/share/texmf-texlive/tex/latex/base/latin1.def
File: latin1.def 2006/05/05 v1.1b Input encoding file
))
(/usr/share/texmf-texlive/tex/latex/natbib/natbib.sty
Package: natbib 2007/02/05 8.0 (PWD)
\bibhang=\skip49
\bibsep=\skip50
LaTeX Info: Redefining \cite on input line 602.
\c@NAT@ctr=\count91
)
(/usr/share/texmf-texlive/tex/generic/babel/babel.sty
Package: babel 2005/11/23 v3.8h The Babel package

(/usr/share/texmf-texlive/tex/generic/babel/english.ldf
Language: english 2005/03/30 v3.3o English support from the babel system

(/usr/share/texmf-texlive/tex/generic/babel/babel.def
File: babel.def 2005/11/23 v3.8h Babel common definitions
\babel@savecnt=\count92
\U@D=\dimen104
)
\l@british = a dialect from \language\l@english 
\l@UKenglish = a dialect from \language\l@english 
\l@canadian = a dialect from \language\l@american 
\l@australian = a dialect from \language\l@british 
\l@newzealand = a dialect from \language\l@british 
))
(/usr/share/texmf-texlive/tex/latex/graphics/graphicx.sty
Package: graphicx 1999/02/16 v1.0f Enhanced LaTeX Graphics (DPC,SPQR)

(/usr/share/texmf-texlive/tex/latex/graphics/keyval.sty
Package: keyval 1999/03/16 v1.13 key=value parser (DPC)
\KV@toks@=\toks18
)
(/usr/share/texmf-texlive/tex/latex/graphics/graphics.sty
Package: graphics 2006/02/20 v1.0o Standard LaTeX Graphics (DPC,SPQR)

(/usr/share/texmf-texlive/tex/latex/graphics/trig.sty
Package: trig 1999/03/16 v1.09 sin cos tan (DPC)
)
(/etc/texmf/tex/latex/config/graphics.cfg
File: graphics.cfg 2007/01/18 v1.5 graphics configuration of teTeX/TeXLive
)
Package graphics Info: Driver file: pdftex.def on input line 90.

(/usr/share/texmf-texlive/tex/latex/pdftex-def/pdftex.def
File: pdftex.def 2007/01/08 v0.04d Graphics/color for pdfTeX
\Gread@gobject=\count93
))
\Gin@req@height=\dimen105
\Gin@req@width=\dimen106
)
(/usr/share/texmf-texlive/tex/latex/algorithms/algorithm.sty
Package: algorithm 

Document Style `algorithm' - floating environment
(/usr/share/texmf-texlive/tex/latex/float/float.sty
Package: float 2001/11/08 v1.3d Float enhancements (AL)
\c@float@type=\count94
\float@exts=\toks19
\float@box=\box27
\@float@everytoks=\toks20
\@floatcapt=\box28
)
(/usr/share/texmf-texlive/tex/latex/base/ifthen.sty
Package: ifthen 2001/05/26 v1.1c Standard LaTeX ifthen package (DPC)
)
\@float@every@algorithm=\toks21
\c@algorithm=\count95
)
(/usr/share/texmf-texlive/tex/latex/algorithms/algorithmic.sty
Package: algorithmic 2006/06/02

Document Style `algorithmic' - environment
(/usr/share/texmf-texlive/tex/latex/tools/calc.sty
Package: calc 2005/08/06 v4.2 Infix arithmetic (KKT,FJ)
\calc@Acount=\count96
\calc@Bcount=\count97
\calc@Adimen=\dimen107
\calc@Bdimen=\dimen108
\calc@Askip=\skip51
\calc@Bskip=\skip52
LaTeX Info: Redefining \setlength on input line 75.
LaTeX Info: Redefining \addtolength on input line 76.
\calc@Ccount=\count98
\calc@Cskip=\skip53
)
\c@ALC@line=\count99
\c@ALC@rem=\count100
\c@ALC@depth=\count101
\ALC@tlm=\skip54
\algorithmicindent=\skip55
)
(/usr/share/texmf-texlive/tex/latex/amsmath/amsmath.sty
Package: amsmath 2000/07/18 v2.13 AMS math features
\@mathmargin=\skip56

For additional information on amsmath, use the `?' option.
(/usr/share/texmf-texlive/tex/latex/amsmath/amstext.sty
Package: amstext 2000/06/29 v2.01

(/usr/share/texmf-texlive/tex/latex/amsmath/amsgen.sty
File: amsgen.sty 1999/11/30 v2.0
\@emptytoks=\toks22
\ex@=\dimen109
))
(/usr/share/texmf-texlive/tex/latex/amsmath/amsbsy.sty
Package: amsbsy 1999/11/29 v1.2d
\pmbraise@=\dimen110
)
(/usr/share/texmf-texlive/tex/latex/amsmath/amsopn.sty
Package: amsopn 1999/12/14 v2.01 operator names
)
\inf@bad=\count102
LaTeX Info: Redefining \frac on input line 211.
\uproot@=\count103
\leftroot@=\count104
LaTeX Info: Redefining \overline on input line 307.
\classnum@=\count105
\DOTSCASE@=\count106
LaTeX Info: Redefining \ldots on input line 379.
LaTeX Info: Redefining \dots on input line 382.
LaTeX Info: Redefining \cdots on input line 467.
\Mathstrutbox@=\box29
\strutbox@=\box30
\big@size=\dimen111
LaTeX Font Info:    Redeclaring font encoding OML on input line 567.
LaTeX Font Info:    Redeclaring font encoding OMS on input line 568.
\macc@depth=\count107
\c@MaxMatrixCols=\count108
\dotsspace@=\muskip10
\c@parentequation=\count109
\dspbrk@lvl=\count110
\tag@help=\toks23
\row@=\count111
\column@=\count112
\maxfields@=\count113
\andhelp@=\toks24
\eqnshift@=\dimen112
\alignsep@=\dimen113
\tagshift@=\dimen114
\tagwidth@=\dimen115
\totwidth@=\dimen116
\lineht@=\dimen117
\@envbody=\toks25
\multlinegap=\skip57
\multlinetaggap=\skip58
\mathdisplay@stack=\toks26
LaTeX Info: Redefining \[ on input line 2666.
LaTeX Info: Redefining \] on input line 2667.
) (./neuralfields.aux

LaTeX Warning: Label `estabilidad' multiply defined.

)
\openout1 = `neuralfields.aux'.

LaTeX Font Info:    Checking defaults for OML/cmm/m/it on input line 19.
LaTeX Font Info:    ... okay on input line 19.
LaTeX Font Info:    Checking defaults for T1/cmr/m/n on input line 19.
LaTeX Font Info:    ... okay on input line 19.
LaTeX Font Info:    Checking defaults for OT1/cmr/m/n on input line 19.
LaTeX Font Info:    ... okay on input line 19.
LaTeX Font Info:    Checking defaults for OMS/cmsy/m/n on input line 19.
LaTeX Font Info:    ... okay on input line 19.
LaTeX Font Info:    Checking defaults for OMX/cmex/m/n on input line 19.
LaTeX Font Info:    ... okay on input line 19.
LaTeX Font Info:    Checking defaults for U/cmr/m/n on input line 19.
LaTeX Font Info:    ... okay on input line 19.
LaTeX Font Info:    Try loading font information for OT1+ptm on input line 19.
 (/usr/share/texmf-texlive/tex/latex/psnfss/ot1ptm.fd
File: ot1ptm.fd 2001/06/04 font definitions for OT1/ptm.
)
LaTeX Font Info:    Font shape `OT1/ptm/bx/n' in size <9> not available
(Font)              Font shape `OT1/ptm/b/n' tried instead on input line 36.
LaTeX Font Info:    Font shape `OT1/ptm/bx/n' in size <18> not available
(Font)              Font shape `OT1/ptm/b/n' tried instead on input line 36.
LaTeX Font Info:    Font shape `OT1/ptm/bx/n' in size <14> not available
(Font)              Font shape `OT1/ptm/b/n' tried instead on input line 36.
LaTeX Font Info:    Font shape `OT1/ptm/bx/n' in size <11> not available
(Font)              Font shape `OT1/ptm/b/n' tried instead on input line 38.


Package natbib Warning: Citation `Nolfi' on page 1 undefined on input line 56.


Package natbib Warning: Citation `KM97' on page 1 undefined on input line 64.


Package natbib Warning: Citation `NME04' on page 1 undefined on input line 64.


Package natbib Warning: Citation `KU05' on page 1 undefined on input line 64.


Package natbib Warning: Citation `HWP04' on page 1 undefined on input line 65.


Package natbib Warning: Citation `Jua02' on page 1 undefined on input line 66.


Package natbib Warning: Citation `BBD99' on page 1 undefined on input line 78.


Package natbib Warning: Citation `Haykin99' on page 1 undefined on input line 1
35.

[1{/var/lib/texmf/fonts/map/pdftex/updmap/pdftex.map}


]

Package natbib Warning: Citation `Bergener99Complex' on page 2 undefined on inp
ut line 185.


LaTeX Warning: Reference `eq:nf-simp' on page 2 undefined on input line 215.

<fieldsGaussians.png, id=12, 3259.377pt x 1341.813pt>
File: fieldsGaussians.png Graphic file (type png)

<use fieldsGaussians.png> [2 <./fieldsGaussians.png>]

LaTeX Warning: Reference `fig:rnn-arch' on page 3 undefined on input line 372.

<rnn.png, id=23, 387.849pt x 233.673pt>
File: rnn.png Graphic file (type png)
 <use rnn.png>
LaTeX Font Info:    Try loading font information for OMS+ptm on input line 403.


(/usr/share/texmf-texlive/tex/latex/psnfss/omsptm.fd
File: omsptm.fd 
)
LaTeX Font Info:    Font shape `OMS/ptm/m/n' in size <8> not available
(Font)              Font shape `OMS/cmsy/m/n' tried instead on input line 403.
 [3 <./rnn.png>]
<inestabilidadG.png, id=29, 667.49374pt x 208.78pt>
File: inestabilidadG.png Graphic file (type png)
 <use inestabilidadG.png>
<inestabilidadC.png, id=30, 666.49pt x 208.78pt>
File: inestabilidadC.png Graphic file (type png)
 <use inestabilidadC.png>
<finalG.png, id=31, 590.205pt x 210.7875pt>
File: finalG.png Graphic file (type png)
 <use finalG.png>
<finalC.png, id=32, 582.175pt x 203.76125pt>
File: finalC.png Graphic file (type png)
 <use finalC.png>
<estabilidadG.png, id=33, 504.88625pt x 171.64125pt>
File: estabilidadG.png Graphic file (type png)
 <use estabilidadG.png>
<estabilidadC.png, id=34, 504.88625pt x 180.675pt>
File: estabilidadC.png Graphic file (type png)
 <use estabilidadC.png>

LaTeX Warning: Reference `fig:nf-result' on page 4 undefined on input line 492.


<camposC.png, id=35, 432.04892pt x 94.26521pt>
File: camposC.png Graphic file (type png)
 <use camposC.png>
Underfull \hbox (badness 2318) in paragraph at lines 539--541
[]\OT1/ptm/m/n/9 Stefano Nolfi and Dario Flo-re-ano (2004) \OT1/ptm/m/it/9 Evo-
lu-tion-ary
 []

[4 <./inestabilidadG.png (PNG copy)> <./inestabilidadC.png (PNG copy)> <./final
G.png (PNG copy)> <./finalC.png (PNG copy)> <./estabilidadG.png (PNG copy)> <./
estabilidadC.png (PNG copy)> <./camposC.png (PNG copy)>]

Package natbib Warning: There were undefined citations.

[5

] (./neuralfields.aux)

LaTeX Warning: There were undefined references.


LaTeX Warning: There were multiply-defined labels.

 ) 
Here is how much of TeX's memory you used:
 2407 strings out of 95037
 28736 string characters out of 1182324
 91001 words of memory out of 1500000
 5554 multiletter control sequences out of 10000+50000
 22823 words of font info for 46 fonts, out of 1200000 for 2000
 54 hyphenation exceptions out of 8191
 29i,14n,28p,218b,434s stack positions out of 5000i,500n,6000p,200000b,5000s
{/usr/share/texmf-texlive/fonts/enc/dvips/base/8r.enc}</usr/share/texmf-texli
ve/fonts/type1/bluesky/cm/cmmi5.pfb></usr/share/texmf-texlive/fonts/type1/blues
ky/cm/cmmi6.pfb></usr/share/texmf-texlive/fonts/type1/bluesky/cm/cmmi9.pfb></us
r/share/texmf-texlive/fonts/type1/bluesky/cm/cmr5.pfb></usr/share/texmf-texlive
/fonts/type1/bluesky/cm/cmr6.pfb></usr/share/texmf-texlive/fonts/type1/bluesky/
cm/cmr9.pfb></usr/share/texmf-texlive/fonts/type1/bluesky/cm/cmss9.pfb></usr/sh
are/texmf-texlive/fonts/type1/bluesky/cm/cmsy6.pfb></usr/share/texmf-texlive/fo
nts/type1/bluesky/cm/cmsy8.pfb></usr/share/texmf-texlive/fonts/type1/bluesky/cm
/cmsy9.pfb></usr/share/texmf-texlive/fonts/type1/public/cmex/fmex9.pfb></usr/sh
are/texmf-texlive/fonts/type1/urw/times/utmb8a.pfb></usr/share/texmf-texlive/fo
nts/type1/urw/times/utmr8a.pfb></usr/share/texmf-texlive/fonts/type1/urw/times/
utmri8a.pfb>
Output written on neuralfields.pdf (5 pages, 1614482 bytes).
PDF statistics:
 86 PDF objects out of 1000 (max. 8388607)
 0 named destinations out of 1000 (max. 131072)
 46 words of extra memory for PDF output out of 10000 (max. 10000000)

